<?xml version="1.0" encoding="UTF-8"?>
<!-- Generated by org.testng.reporters.JUnitReportReporter -->
<testsuite hostname="inlen8520040228" failures="0" tests="6" name="Parameterization.Example_1" time="0.006" errors="0" timestamp="2024-05-31T12:23:14 IST" skipped="0">
  <testcase classname="Parameterization.Example_1" name="testcase1" time="0.001"/>
  <testcase classname="Parameterization.Example_1" name="testcase1" time="0.001"/>
  <testcase classname="Parameterization.Example_1" name="testcase1" time="0.001"/>
  <testcase classname="Parameterization.Example_1" name="testcase1" time="0.001"/>
  <testcase classname="Parameterization.Example_1" name="testcase1" time="0.001"/>
  <testcase classname="Parameterization.Example_1" name="testcase1" time="0.001"/>
</testsuite> <!-- Parameterization.Example_1 -->
