<?xml version="1.0" encoding="UTF-8"?>
<!-- Generated by org.testng.reporters.JUnitReportReporter -->
<testsuite hostname="inlen8520040228" failures="0" tests="3" name="RealTimeScenario.Example_3" time="0.006" errors="0" timestamp="2024-05-31T13:47:22 IST" skipped="0">
  <testcase classname="RealTimeScenario.Example_3" name="testcase2" time="0.003"/>
  <testcase classname="RealTimeScenario.Example_3" name="testcase3" time="0.002"/>
  <testcase classname="RealTimeScenario.Example_3" name="testcase1" time="0.001"/>
</testsuite> <!-- RealTimeScenario.Example_3 -->
