<?xml version="1.0" encoding="UTF-8"?>
<!-- Generated by org.testng.reporters.JUnitReportReporter -->
<testsuite hostname="inlen8520040228" failures="0" tests="3" name="Booking_Travel_Holiday.BookHotel" time="0.005" errors="0" timestamp="2024-05-31T12:23:14 IST" skipped="0">
  <testcase classname="Booking_Travel_Holiday.BookHotel" name="bookHotle_DestinationCity_Testcase1" time="0.001"/>
  <testcase classname="Booking_Travel_Holiday.BookHotel" name="bookHotle_checkIn_Testcase2" time="0.002"/>
  <testcase classname="Booking_Travel_Holiday.BookHotel" name="bookHotle_checkOut_Testcase3" time="0.002"/>
</testsuite> <!-- Booking_Travel_Holiday.BookHotel -->
