<?xml version="1.0" encoding="UTF-8"?>
<!-- Generated by org.testng.reporters.JUnitReportReporter -->
<testsuite hostname="inlen8520040228" failures="0" tests="6" name="Booking_Travel_Holiday.BookHolidayPackage" time="0.009" errors="0" timestamp="2024-05-31T12:23:14 IST" skipped="0">
  <testcase classname="Booking_Travel_Holiday.BookHolidayPackage" name="bookHolidayPackage_destination_testcase1" time="0.003"/>
  <testcase classname="Booking_Travel_Holiday.BookHolidayPackage" name="bookHolidayPackage_departure_testcase2" time="0.001"/>
  <testcase classname="Booking_Travel_Holiday.BookHolidayPackage" name="bookHolidayPackage_return_testcase3" time="0.001"/>
  <testcase classname="Booking_Travel_Holiday.BookHolidayPackage" name="bookHolidayPackage_sitesceen_testcase4" time="0.001"/>
  <testcase classname="Booking_Travel_Holiday.BookHolidayPackage" name="bookHolidayPackage_travel_testcase5" time="0.002"/>
  <testcase classname="Booking_Travel_Holiday.BookHolidayPackage" name="bookHolidayPackage_remote_testcase6" time="0.001"/>
</testsuite> <!-- Booking_Travel_Holiday.BookHolidayPackage -->
