<?xml version="1.0" encoding="UTF-8"?>
<!-- Generated by org.testng.reporters.JUnitReportReporter -->
<testsuite hostname="inlen8520040228" failures="0" tests="2" name="RealTimeScenario.Example_1" time="0.022" errors="0" timestamp="2024-05-31T13:47:22 IST" skipped="0">
  <testcase classname="RealTimeScenario.Example_1" name="testcase2" time="0.011"/>
  <testcase classname="RealTimeScenario.Example_1" name="testCase1" time="0.011"/>
</testsuite> <!-- RealTimeScenario.Example_1 -->
