<?xml version="1.0" encoding="UTF-8"?>
<!-- Generated by org.testng.reporters.JUnitReportReporter -->
<testsuite hostname="inlen8520040228" failures="0" tests="1" name="RealTimeScenario.Example_2" time="9.047" errors="0" timestamp="2024-06-02T10:14:21 IST" skipped="0">
  <testcase classname="RealTimeScenario.Example_2" name="testcase1" time="9.047"/>
</testsuite> <!-- RealTimeScenario.Example_2 -->
