<?xml version="1.0" encoding="UTF-8"?>
<!-- Generated by org.testng.reporters.JUnitReportReporter -->
<testsuite hostname="inlen8520040228" failures="0" tests="5" name="RealTimeScenario.Example_4" time="0.032" errors="0" timestamp="2024-06-02T10:03:21 IST" skipped="0">
  <testcase classname="RealTimeScenario.Example_4" name="testcase1" time="0.010"/>
  <testcase classname="RealTimeScenario.Example_4" name="testcase1" time="0.009"/>
  <testcase classname="RealTimeScenario.Example_4" name="testcase3" time="0.002"/>
  <testcase classname="RealTimeScenario.Example_4" name="testcase1" time="0.009"/>
  <testcase classname="RealTimeScenario.Example_4" name="testcase2" time="0.002"/>
</testsuite> <!-- RealTimeScenario.Example_4 -->
