<?xml version="1.0" encoding="UTF-8"?>
<!-- Generated by org.testng.reporters.JUnitReportReporter -->
<testsuite hostname="inlen8520040228" failures="0" tests="3" name="Basic_Introduction_Testng.Example_2" time="0.006" errors="0" timestamp="2024-05-31T12:23:14 IST" skipped="0">
  <testcase classname="Basic_Introduction_Testng.Example_2" name="testcase1" time="0.001"/>
  <testcase classname="Basic_Introduction_Testng.Example_2" name="testcase2" time="0.003"/>
  <testcase classname="Basic_Introduction_Testng.Example_2" name="testcase3" time="0.002"/>
</testsuite> <!-- Basic_Introduction_Testng.Example_2 -->
