<?xml version="1.0" encoding="UTF-8"?>
<!-- Generated by org.testng.reporters.JUnitReportReporter -->
<testsuite hostname="inlen8520040228" failures="0" tests="5" name="Basic_Introduction_Testng.Example_5" time="0.008" errors="0" timestamp="2024-05-31T12:23:14 IST" skipped="0">
  <testcase classname="Basic_Introduction_Testng.Example_5" name="testcase_1" time="0.001"/>
  <testcase classname="Basic_Introduction_Testng.Example_5" name="testcase_1" time="0.001"/>
  <testcase classname="Basic_Introduction_Testng.Example_5" name="testcase_1" time="0.001"/>
  <testcase classname="Basic_Introduction_Testng.Example_5" name="testcase_1" time="0.002"/>
  <testcase classname="Basic_Introduction_Testng.Example_5" name="testcase_1" time="0.003"/>
</testsuite> <!-- Basic_Introduction_Testng.Example_5 -->
