<?xml version="1.0" encoding="UTF-8"?>
<!-- Generated by org.testng.reporters.JUnitReportReporter -->
<testsuite hostname="inlen8520040228" failures="0" tests="3" name="Basic_Introduction_Testng.Example_1" time="0.020" errors="0" timestamp="2024-05-31T12:23:14 IST" skipped="0">
  <testcase classname="Basic_Introduction_Testng.Example_1" name="testcase2" time="0.004"/>
  <testcase classname="Basic_Introduction_Testng.Example_1" name="testcase1" time="0.012"/>
  <testcase classname="Basic_Introduction_Testng.Example_1" name="testcase3" time="0.004"/>
</testsuite> <!-- Basic_Introduction_Testng.Example_1 -->
