<?xml version="1.0" encoding="UTF-8"?>
<!-- Generated by org.testng.reporters.JUnitReportReporter -->
<testsuite hostname="inlen8520040228" failures="0" tests="6" name="OnlineChecking.OfflineChecking" time="0.010" errors="0" timestamp="2024-05-31T12:23:14 IST" skipped="0">
  <testcase classname="OnlineChecking.OfflineChecking" name="OfflineChecking_PNR_Number_Testcase1" time="0.001"/>
  <testcase classname="OnlineChecking.OfflineChecking" name="OfflineChecking_PNR_Number_Testcase2" time="0.001"/>
  <testcase classname="OnlineChecking.OfflineChecking" name="OfflineChecking_PNR_Number_Testcase3" time="0.002"/>
  <testcase classname="OnlineChecking.OfflineChecking" name="OfflineChecking_PNR_Number_Testcase4" time="0.002"/>
  <testcase classname="OnlineChecking.OfflineChecking" name="OfflineChecking_PNR_Number_Testcase5" time="0.002"/>
  <testcase classname="OnlineChecking.OfflineChecking" name="OfflineChecking_PNR_Number_Testcase6" time="0.002"/>
</testsuite> <!-- OnlineChecking.OfflineChecking -->
