<?xml version="1.0" encoding="UTF-8"?>
<!-- Generated by org.testng.reporters.JUnitReportReporter -->
<testsuite hostname="inlen8520040228" failures="0" tests="6" name="Booking_Travel_Holiday.BookFlight" time="0.013" errors="0" timestamp="2024-05-31T12:23:14 IST" skipped="0">
  <testcase classname="Booking_Travel_Holiday.BookFlight" name="bookFlight_RoundTrip_TestCase1" time="0.003"/>
  <testcase classname="Booking_Travel_Holiday.BookFlight" name="bookFlight_RoundTrip_TestCase2" time="0.002"/>
  <testcase classname="Booking_Travel_Holiday.BookFlight" name="bookFlight_RoundTrip_TestCase3" time="0.003"/>
  <testcase classname="Booking_Travel_Holiday.BookFlight" name="bookFlight_OneWayTrip_TestCase4" time="0.001"/>
  <testcase classname="Booking_Travel_Holiday.BookFlight" name="bookFlight_OneWayTrip_TestCase5" time="0.002"/>
  <testcase classname="Booking_Travel_Holiday.BookFlight" name="bookFlight_OneWayTrip_TestCase6" time="0.002"/>
</testsuite> <!-- Booking_Travel_Holiday.BookFlight -->
