<?xml version="1.0" encoding="UTF-8"?>
<!-- Generated by org.testng.reporters.JUnitReportReporter -->
<testsuite hostname="inlen8520040228" failures="0" tests="5" name="RealTimeScenario.Example_4" time="0.028" errors="0" timestamp="2024-05-31T13:47:22 IST" skipped="0">
  <testcase classname="RealTimeScenario.Example_4" name="testcase3" time="0.001"/>
  <testcase classname="RealTimeScenario.Example_4" name="testcase1" time="0.009"/>
  <testcase classname="RealTimeScenario.Example_4" name="testcase1" time="0.009"/>
  <testcase classname="RealTimeScenario.Example_4" name="testcase1" time="0.008"/>
  <testcase classname="RealTimeScenario.Example_4" name="testcase2" time="0.001"/>
</testsuite> <!-- RealTimeScenario.Example_4 -->
